<?xml version="1.0" encoding="UTF-8"?>
<testsuite name="com.marketplace.auth.AuthApplicationTests" tests="1" skipped="0" failures="0" errors="0" timestamp="2025-11-13T04:14:16.979Z" hostname="DESKTOP-9R005MK" time="0.39">
  <properties/>
  <testcase name="contextLoads()" classname="com.marketplace.auth.AuthApplicationTests" time="0.39"/>
  <system-out><![CDATA[11:14:15.539 [Test worker] INFO org.springframework.test.context.support.AnnotationConfigContextLoaderUtils -- Could not detect default configuration classes for test class [com.marketplace.auth.AuthApplicationTests]: AuthApplicationTests does not declare any static, non-private, non-final, nested classes annotated with @Configuration.
11:14:15.591 [Test worker] INFO org.springframework.boot.test.context.SpringBootTestContextBootstrapper -- Found @SpringBootConfiguration com.marketplace.auth.AuthApplication for test class com.marketplace.auth.AuthApplicationTests

  .   ____          _            __ _ _
 /\\ / ___'_ __ _ _(_)_ __  __ _ \ \ \ \
( ( )\___ | '_ | '_| | '_ \/ _` | \ \ \ \
 \\/  ___)| |_)| | | | | || (_| |  ) ) ) )
  '  |____| .__|_| |_|_| |_\__, | / / / /
 =========|_|==============|___/=/_/_/_/

 :: Spring Boot ::                (v3.4.1)

2025-11-13T11:14:15.926+07:00  INFO 81176 --- [auth] [    Test worker] c.marketplace.auth.AuthApplicationTests  : Starting AuthApplicationTests using Java 17.0.15 with PID 81176 (started by bhtoan in /home/bhtoan/marketplace/auth)
2025-11-13T11:14:15.927+07:00  INFO 81176 --- [auth] [    Test worker] c.marketplace.auth.AuthApplicationTests  : No active profile set, falling back to 1 default profile: "default"
2025-11-13T11:14:16.359+07:00  INFO 81176 --- [auth] [    Test worker] o.s.cloud.context.scope.GenericScope     : BeanFactory id=2a80390c-4159-3181-ae9f-f01714a7047e
2025-11-13T11:14:16.915+07:00  INFO 81176 --- [auth] [    Test worker] DiscoveryClientOptionalArgsConfiguration : Eureka HTTP Client uses RestTemplate.
2025-11-13T11:14:16.950+07:00  WARN 81176 --- [auth] [    Test worker] iguration$LoadBalancerCaffeineWarnLogger : Spring Cloud LoadBalancer is currently working with the default cache. While this cache implementation is useful for development and tests, it's recommended to use Caffeine cache in production.You can switch to using Caffeine cache, by adding it and org.springframework.cache.caffeine.CaffeineCacheManager to the classpath.
2025-11-13T11:14:16.970+07:00  INFO 81176 --- [auth] [    Test worker] c.marketplace.auth.AuthApplicationTests  : Started AuthApplicationTests in 1.244 seconds (process running for 1.834)
]]></system-out>
  <system-err><![CDATA[]]></system-err>
</testsuite>
